myHadoop: Setting MH_IPOIB_TRANSFORM='s/\([^.]*\).*$/\1.ibnet/' from myhadoop.conf
myHadoop: Setting MH_SCRATCH_DIR=/scratch/$USER/$SLURM_JOBID from myhadoop.conf
myHadoop: Using HADOOP_HOME=/opt/hadoop/2.6.0
myHadoop: Using MH_SCRATCH_DIR=/scratch/pkj6783/19335443
myHadoop: Using JAVA_HOME=/usr/java/latest
myHadoop: Generating Hadoop configuration in directory in /home/pkj6783/cometcluster...
myHadoop: Backing up old config dir to /home/pkj6783/cometcluster.0...
`/home/pkj6783/cometcluster' -> `/home/pkj6783/cometcluster.0'
myHadoop: Designating comet-25-42.ibnet as master node (namenode, secondary namenode, and jobtracker)
myHadoop: The following nodes will be slaves (datanode, tasktracer):
comet-25-42.ibnet
comet-25-43.ibnet
comet-25-66.ibnet
18/09/27 21:57:10 INFO namenode.NameNode: STARTUP_MSG: 
/************************************************************
STARTUP_MSG: Starting NameNode
STARTUP_MSG:   host = comet-25-42.sdsc.edu/198.202.115.165
STARTUP_MSG:   args = [-format]
STARTUP_MSG:   version = 2.6.0
STARTUP_MSG:   classpath = /home/pkj6783/cometcluster:/opt/hadoop/2.6.0/share/hadoop/common/lib/commons-el-1.0.jar:/opt/hadoop/2.6.0/share/hadoop/common/lib/jetty-util-6.1.26.jar:/opt/hadoop/2.6.0/share/hadoop/common/lib/jettison-1.1.jar:/opt/hadoop/2.6.0/share/hadoop/common/lib/apacheds-i18n-2.0.0-M15.jar:/opt/hadoop/2.6.0/share/hadoop/common/lib/xmlenc-0.52.jar:/opt/hadoop/2.6.0/share/hadoop/common/lib/jackson-xc-1.9.13.jar:/opt/hadoop/2.6.0/share/hadoop/common/lib/jsr305-1.3.9.jar:/opt/hadoop/2.6.0/share/hadoop/common/lib/avro-1.7.4.jar:/opt/hadoop/2.6.0/share/hadoop/common/lib/zookeeper-3.4.6.jar:/opt/hadoop/2.6.0/share/hadoop/common/lib/mockito-all-1.8.5.jar:/opt/hadoop/2.6.0/share/hadoop/common/lib/jsch-0.1.42.jar:/opt/hadoop/2.6.0/share/hadoop/common/lib/jersey-json-1.9.jar:/opt/hadoop/2.6.0/share/hadoop/common/lib/curator-client-2.6.0.jar:/opt/hadoop/2.6.0/share/hadoop/common/lib/commons-logging-1.1.3.jar:/opt/hadoop/2.6.0/share/hadoop/common/lib/slf4j-api-1.7.5.jar:/opt/hadoop/2.6.0/share/hadoop/common/lib/curator-recipes-2.6.0.jar:/opt/hadoop/2.6.0/share/hadoop/common/lib/httpcore-4.2.5.jar:/opt/hadoop/2.6.0/share/hadoop/common/lib/commons-configuration-1.6.jar:/opt/hadoop/2.6.0/share/hadoop/common/lib/commons-codec-1.4.jar:/opt/hadoop/2.6.0/share/hadoop/common/lib/jackson-core-asl-1.9.13.jar:/opt/hadoop/2.6.0/share/hadoop/common/lib/jsp-api-2.1.jar:/opt/hadoop/2.6.0/share/hadoop/common/lib/snappy-java-1.0.4.1.jar:/opt/hadoop/2.6.0/share/hadoop/common/lib/jets3t-0.9.0.jar:/opt/hadoop/2.6.0/share/hadoop/common/lib/commons-io-2.4.jar:/opt/hadoop/2.6.0/share/hadoop/common/lib/jaxb-impl-2.2.3-1.jar:/opt/hadoop/2.6.0/share/hadoop/common/lib/httpclient-4.2.5.jar:/opt/hadoop/2.6.0/share/hadoop/common/lib/gson-2.2.4.jar:/opt/hadoop/2.6.0/share/hadoop/common/lib/java-xmlbuilder-0.4.jar:/opt/hadoop/2.6.0/share/hadoop/common/lib/hadoop-auth-2.6.0.jar:/opt/hadoop/2.6.0/share/hadoop/common/lib/commons-httpclient-3.1.jar:/opt/hadoop/2.6.0/share/hadoop/common/lib/junit-4.11.jar:/opt/hadoop/2.6.0/share/hadoop/common/lib/commons-lang-2.6.jar:/opt/hadoop/2.6.0/share/hadoop/common/lib/servlet-api-2.5.jar:/opt/hadoop/2.6.0/share/hadoop/common/lib/commons-net-3.1.jar:/opt/hadoop/2.6.0/share/hadoop/common/lib/log4j-1.2.17.jar:/opt/hadoop/2.6.0/share/hadoop/common/lib/curator-framework-2.6.0.jar:/opt/hadoop/2.6.0/share/hadoop/common/lib/hamcrest-core-1.3.jar:/opt/hadoop/2.6.0/share/hadoop/common/lib/jetty-6.1.26.jar:/opt/hadoop/2.6.0/share/hadoop/common/lib/htrace-core-3.0.4.jar:/opt/hadoop/2.6.0/share/hadoop/common/lib/commons-beanutils-core-1.8.0.jar:/opt/hadoop/2.6.0/share/hadoop/common/lib/paranamer-2.3.jar:/opt/hadoop/2.6.0/share/hadoop/common/lib/guava-11.0.2.jar:/opt/hadoop/2.6.0/share/hadoop/common/lib/jackson-mapper-asl-1.9.13.jar:/opt/hadoop/2.6.0/share/hadoop/common/lib/commons-beanutils-1.7.0.jar:/opt/hadoop/2.6.0/share/hadoop/common/lib/commons-collections-3.2.1.jar:/opt/hadoop/2.6.0/share/hadoop/common/lib/protobuf-java-2.5.0.jar:/opt/hadoop/2.6.0/share/hadoop/common/lib/jackson-jaxrs-1.9.13.jar:/opt/hadoop/2.6.0/share/hadoop/common/lib/jasper-compiler-5.5.23.jar:/opt/hadoop/2.6.0/share/hadoop/common/lib/jersey-core-1.9.jar:/opt/hadoop/2.6.0/share/hadoop/common/lib/activation-1.1.jar:/opt/hadoop/2.6.0/share/hadoop/common/lib/slf4j-log4j12-1.7.5.jar:/opt/hadoop/2.6.0/share/hadoop/common/lib/xz-1.0.jar:/opt/hadoop/2.6.0/share/hadoop/common/lib/commons-math3-3.1.1.jar:/opt/hadoop/2.6.0/share/hadoop/common/lib/api-asn1-api-1.0.0-M20.jar:/opt/hadoop/2.6.0/share/hadoop/common/lib/hadoop-annotations-2.6.0.jar:/opt/hadoop/2.6.0/share/hadoop/common/lib/asm-3.2.jar:/opt/hadoop/2.6.0/share/hadoop/common/lib/api-util-1.0.0-M20.jar:/opt/hadoop/2.6.0/share/hadoop/common/lib/jasper-runtime-5.5.23.jar:/opt/hadoop/2.6.0/share/hadoop/common/lib/commons-compress-1.4.1.jar:/opt/hadoop/2.6.0/share/hadoop/common/lib/apacheds-kerberos-codec-2.0.0-M15.jar:/opt/hadoop/2.6.0/share/hadoop/common/lib/commons-digester-1.8.jar:/opt/hadoop/2.6.0/share/hadoop/common/lib/commons-cli-1.2.jar:/opt/hadoop/2.6.0/share/hadoop/common/lib/jersey-server-1.9.jar:/opt/hadoop/2.6.0/share/hadoop/common/lib/jaxb-api-2.2.2.jar:/opt/hadoop/2.6.0/share/hadoop/common/lib/stax-api-1.0-2.jar:/opt/hadoop/2.6.0/share/hadoop/common/lib/netty-3.6.2.Final.jar:/opt/hadoop/2.6.0/share/hadoop/common/hadoop-common-2.6.0-tests.jar:/opt/hadoop/2.6.0/share/hadoop/common/hadoop-nfs-2.6.0.jar:/opt/hadoop/2.6.0/share/hadoop/common/hadoop-common-2.6.0.jar:/opt/hadoop/2.6.0/share/hadoop/hdfs:/opt/hadoop/2.6.0/share/hadoop/hdfs/lib/commons-el-1.0.jar:/opt/hadoop/2.6.0/share/hadoop/hdfs/lib/jetty-util-6.1.26.jar:/opt/hadoop/2.6.0/share/hadoop/hdfs/lib/xmlenc-0.52.jar:/opt/hadoop/2.6.0/share/hadoop/hdfs/lib/jsr305-1.3.9.jar:/opt/hadoop/2.6.0/share/hadoop/hdfs/lib/commons-logging-1.1.3.jar:/opt/hadoop/2.6.0/share/hadoop/hdfs/lib/xercesImpl-2.9.1.jar:/opt/hadoop/2.6.0/share/hadoop/hdfs/lib/commons-daemon-1.0.13.jar:/opt/hadoop/2.6.0/share/hadoop/hdfs/lib/commons-codec-1.4.jar:/opt/hadoop/2.6.0/share/hadoop/hdfs/lib/jackson-core-asl-1.9.13.jar:/opt/hadoop/2.6.0/share/hadoop/hdfs/lib/jsp-api-2.1.jar:/opt/hadoop/2.6.0/share/hadoop/hdfs/lib/commons-io-2.4.jar:/opt/hadoop/2.6.0/share/hadoop/hdfs/lib/commons-lang-2.6.jar:/opt/hadoop/2.6.0/share/hadoop/hdfs/lib/servlet-api-2.5.jar:/opt/hadoop/2.6.0/share/hadoop/hdfs/lib/log4j-1.2.17.jar:/opt/hadoop/2.6.0/share/hadoop/hdfs/lib/jetty-6.1.26.jar:/opt/hadoop/2.6.0/share/hadoop/hdfs/lib/htrace-core-3.0.4.jar:/opt/hadoop/2.6.0/share/hadoop/hdfs/lib/guava-11.0.2.jar:/opt/hadoop/2.6.0/share/hadoop/hdfs/lib/jackson-mapper-asl-1.9.13.jar:/opt/hadoop/2.6.0/share/hadoop/hdfs/lib/protobuf-java-2.5.0.jar:/opt/hadoop/2.6.0/share/hadoop/hdfs/lib/jersey-core-1.9.jar:/opt/hadoop/2.6.0/share/hadoop/hdfs/lib/asm-3.2.jar:/opt/hadoop/2.6.0/share/hadoop/hdfs/lib/jasper-runtime-5.5.23.jar:/opt/hadoop/2.6.0/share/hadoop/hdfs/lib/commons-cli-1.2.jar:/opt/hadoop/2.6.0/share/hadoop/hdfs/lib/jersey-server-1.9.jar:/opt/hadoop/2.6.0/share/hadoop/hdfs/lib/xml-apis-1.3.04.jar:/opt/hadoop/2.6.0/share/hadoop/hdfs/lib/netty-3.6.2.Final.jar:/opt/hadoop/2.6.0/share/hadoop/hdfs/hadoop-hdfs-2.6.0-tests.jar:/opt/hadoop/2.6.0/share/hadoop/hdfs/hadoop-hdfs-nfs-2.6.0.jar:/opt/hadoop/2.6.0/share/hadoop/hdfs/hadoop-hdfs-2.6.0.jar:/opt/hadoop/2.6.0/share/hadoop/yarn/lib/jetty-util-6.1.26.jar:/opt/hadoop/2.6.0/share/hadoop/yarn/lib/jettison-1.1.jar:/opt/hadoop/2.6.0/share/hadoop/yarn/lib/jackson-xc-1.9.13.jar:/opt/hadoop/2.6.0/share/hadoop/yarn/lib/jersey-guice-1.9.jar:/opt/hadoop/2.6.0/share/hadoop/yarn/lib/jsr305-1.3.9.jar:/opt/hadoop/2.6.0/share/hadoop/yarn/lib/zookeeper-3.4.6.jar:/opt/hadoop/2.6.0/share/hadoop/yarn/lib/jersey-json-1.9.jar:/opt/hadoop/2.6.0/share/hadoop/yarn/lib/commons-logging-1.1.3.jar:/opt/hadoop/2.6.0/share/hadoop/yarn/lib/commons-codec-1.4.jar:/opt/hadoop/2.6.0/share/hadoop/yarn/lib/jackson-core-asl-1.9.13.jar:/opt/hadoop/2.6.0/share/hadoop/yarn/lib/commons-io-2.4.jar:/opt/hadoop/2.6.0/share/hadoop/yarn/lib/jaxb-impl-2.2.3-1.jar:/opt/hadoop/2.6.0/share/hadoop/yarn/lib/commons-httpclient-3.1.jar:/opt/hadoop/2.6.0/share/hadoop/yarn/lib/commons-lang-2.6.jar:/opt/hadoop/2.6.0/share/hadoop/yarn/lib/jline-0.9.94.jar:/opt/hadoop/2.6.0/share/hadoop/yarn/lib/servlet-api-2.5.jar:/opt/hadoop/2.6.0/share/hadoop/yarn/lib/log4j-1.2.17.jar:/opt/hadoop/2.6.0/share/hadoop/yarn/lib/jetty-6.1.26.jar:/opt/hadoop/2.6.0/share/hadoop/yarn/lib/aopalliance-1.0.jar:/opt/hadoop/2.6.0/share/hadoop/yarn/lib/guava-11.0.2.jar:/opt/hadoop/2.6.0/share/hadoop/yarn/lib/jackson-mapper-asl-1.9.13.jar:/opt/hadoop/2.6.0/share/hadoop/yarn/lib/jersey-client-1.9.jar:/opt/hadoop/2.6.0/share/hadoop/yarn/lib/guice-3.0.jar:/opt/hadoop/2.6.0/share/hadoop/yarn/lib/commons-collections-3.2.1.jar:/opt/hadoop/2.6.0/share/hadoop/yarn/lib/protobuf-java-2.5.0.jar:/opt/hadoop/2.6.0/share/hadoop/yarn/lib/jackson-jaxrs-1.9.13.jar:/opt/hadoop/2.6.0/share/hadoop/yarn/lib/jersey-core-1.9.jar:/opt/hadoop/2.6.0/share/hadoop/yarn/lib/guice-servlet-3.0.jar:/opt/hadoop/2.6.0/share/hadoop/yarn/lib/activation-1.1.jar:/opt/hadoop/2.6.0/share/hadoop/yarn/lib/xz-1.0.jar:/opt/hadoop/2.6.0/share/hadoop/yarn/lib/asm-3.2.jar:/opt/hadoop/2.6.0/share/hadoop/yarn/lib/commons-compress-1.4.1.jar:/opt/hadoop/2.6.0/share/hadoop/yarn/lib/commons-cli-1.2.jar:/opt/hadoop/2.6.0/share/hadoop/yarn/lib/jersey-server-1.9.jar:/opt/hadoop/2.6.0/share/hadoop/yarn/lib/jaxb-api-2.2.2.jar:/opt/hadoop/2.6.0/share/hadoop/yarn/lib/javax.inject-1.jar:/opt/hadoop/2.6.0/share/hadoop/yarn/lib/stax-api-1.0-2.jar:/opt/hadoop/2.6.0/share/hadoop/yarn/lib/leveldbjni-all-1.8.jar:/opt/hadoop/2.6.0/share/hadoop/yarn/lib/netty-3.6.2.Final.jar:/opt/hadoop/2.6.0/share/hadoop/yarn/hadoop-yarn-server-resourcemanager-2.6.0.jar:/opt/hadoop/2.6.0/share/hadoop/yarn/hadoop-yarn-server-nodemanager-2.6.0.jar:/opt/hadoop/2.6.0/share/hadoop/yarn/hadoop-yarn-applications-distributedshell-2.6.0.jar:/opt/hadoop/2.6.0/share/hadoop/yarn/hadoop-yarn-server-tests-2.6.0.jar:/opt/hadoop/2.6.0/share/hadoop/yarn/hadoop-yarn-server-web-proxy-2.6.0.jar:/opt/hadoop/2.6.0/share/hadoop/yarn/hadoop-yarn-api-2.6.0.jar:/opt/hadoop/2.6.0/share/hadoop/yarn/hadoop-yarn-applications-unmanaged-am-launcher-2.6.0.jar:/opt/hadoop/2.6.0/share/hadoop/yarn/hadoop-yarn-server-common-2.6.0.jar:/opt/hadoop/2.6.0/share/hadoop/yarn/hadoop-yarn-client-2.6.0.jar:/opt/hadoop/2.6.0/share/hadoop/yarn/hadoop-yarn-registry-2.6.0.jar:/opt/hadoop/2.6.0/share/hadoop/yarn/hadoop-yarn-common-2.6.0.jar:/opt/hadoop/2.6.0/share/hadoop/yarn/hadoop-yarn-server-applicationhistoryservice-2.6.0.jar:/opt/hadoop/2.6.0/share/hadoop/mapreduce/lib/jersey-guice-1.9.jar:/opt/hadoop/2.6.0/share/hadoop/mapreduce/lib/avro-1.7.4.jar:/opt/hadoop/2.6.0/share/hadoop/mapreduce/lib/jackson-core-asl-1.9.13.jar:/opt/hadoop/2.6.0/share/hadoop/mapreduce/lib/snappy-java-1.0.4.1.jar:/opt/hadoop/2.6.0/share/hadoop/mapreduce/lib/commons-io-2.4.jar:/opt/hadoop/2.6.0/share/hadoop/mapreduce/lib/junit-4.11.jar:/opt/hadoop/2.6.0/share/hadoop/mapreduce/lib/log4j-1.2.17.jar:/opt/hadoop/2.6.0/share/hadoop/mapreduce/lib/hamcrest-core-1.3.jar:/opt/hadoop/2.6.0/share/hadoop/mapreduce/lib/aopalliance-1.0.jar:/opt/hadoop/2.6.0/share/hadoop/mapreduce/lib/paranamer-2.3.jar:/opt/hadoop/2.6.0/share/hadoop/mapreduce/lib/jackson-mapper-asl-1.9.13.jar:/opt/hadoop/2.6.0/share/hadoop/mapreduce/lib/guice-3.0.jar:/opt/hadoop/2.6.0/share/hadoop/mapreduce/lib/protobuf-java-2.5.0.jar:/opt/hadoop/2.6.0/share/hadoop/mapreduce/lib/jersey-core-1.9.jar:/opt/hadoop/2.6.0/share/hadoop/mapreduce/lib/guice-servlet-3.0.jar:/opt/hadoop/2.6.0/share/hadoop/mapreduce/lib/xz-1.0.jar:/opt/hadoop/2.6.0/share/hadoop/mapreduce/lib/hadoop-annotations-2.6.0.jar:/opt/hadoop/2.6.0/share/hadoop/mapreduce/lib/asm-3.2.jar:/opt/hadoop/2.6.0/share/hadoop/mapreduce/lib/commons-compress-1.4.1.jar:/opt/hadoop/2.6.0/share/hadoop/mapreduce/lib/jersey-server-1.9.jar:/opt/hadoop/2.6.0/share/hadoop/mapreduce/lib/javax.inject-1.jar:/opt/hadoop/2.6.0/share/hadoop/mapreduce/lib/leveldbjni-all-1.8.jar:/opt/hadoop/2.6.0/share/hadoop/mapreduce/lib/netty-3.6.2.Final.jar:/opt/hadoop/2.6.0/share/hadoop/mapreduce/hadoop-mapreduce-client-core-2.6.0.jar:/opt/hadoop/2.6.0/share/hadoop/mapreduce/hadoop-mapreduce-client-shuffle-2.6.0.jar:/opt/hadoop/2.6.0/share/hadoop/mapreduce/hadoop-mapreduce-client-app-2.6.0.jar:/opt/hadoop/2.6.0/share/hadoop/mapreduce/hadoop-mapreduce-client-hs-plugins-2.6.0.jar:/opt/hadoop/2.6.0/share/hadoop/mapreduce/hadoop-mapreduce-client-common-2.6.0.jar:/opt/hadoop/2.6.0/share/hadoop/mapreduce/hadoop-mapreduce-client-hs-2.6.0.jar:/opt/hadoop/2.6.0/share/hadoop/mapreduce/hadoop-mapreduce-client-jobclient-2.6.0-tests.jar:/opt/hadoop/2.6.0/share/hadoop/mapreduce/hadoop-mapreduce-examples-2.6.0.jar:/opt/hadoop/2.6.0/share/hadoop/mapreduce/hadoop-mapreduce-client-jobclient-2.6.0.jar:/opt/hadoop/2.6.0/contrib/capacity-scheduler/*.jar
STARTUP_MSG:   build = https://git-wip-us.apache.org/repos/asf/hadoop.git -r e3496499ecb8d220fba99dc5ed4c99c8f9e33bb1; compiled by 'jenkins' on 2014-11-13T21:10Z
STARTUP_MSG:   java = 1.8.0_60
************************************************************/
18/09/27 21:57:10 INFO namenode.NameNode: registered UNIX signal handlers for [TERM, HUP, INT]
18/09/27 21:57:10 INFO namenode.NameNode: createNameNode [-format]
18/09/27 21:57:10 WARN util.NativeCodeLoader: Unable to load native-hadoop library for your platform... using builtin-java classes where applicable
18/09/27 21:57:10 WARN common.Util: Path /scratch/pkj6783/19335443/namenode_data should be specified as a URI in configuration files. Please update hdfs configuration.
18/09/27 21:57:10 WARN common.Util: Path /scratch/pkj6783/19335443/namenode_data should be specified as a URI in configuration files. Please update hdfs configuration.
Formatting using clusterid: CID-77e833a9-cccf-4255-bb2a-b77417f012f0
18/09/27 21:57:10 INFO namenode.FSNamesystem: No KeyProvider found.
18/09/27 21:57:10 INFO namenode.FSNamesystem: fsLock is fair:true
18/09/27 21:57:10 INFO blockmanagement.DatanodeManager: dfs.block.invalidate.limit=1000
18/09/27 21:57:10 INFO blockmanagement.DatanodeManager: dfs.namenode.datanode.registration.ip-hostname-check=true
18/09/27 21:57:10 INFO blockmanagement.BlockManager: dfs.namenode.startup.delay.block.deletion.sec is set to 000:00:00:00.000
18/09/27 21:57:10 INFO blockmanagement.BlockManager: The block deletion will start around 2018 Sep 27 21:57:10
18/09/27 21:57:10 INFO util.GSet: Computing capacity for map BlocksMap
18/09/27 21:57:10 INFO util.GSet: VM type       = 64-bit
18/09/27 21:57:10 INFO util.GSet: 2.0% max memory 958.5 MB = 19.2 MB
18/09/27 21:57:10 INFO util.GSet: capacity      = 2^21 = 2097152 entries
18/09/27 21:57:10 INFO blockmanagement.BlockManager: dfs.block.access.token.enable=false
18/09/27 21:57:10 INFO blockmanagement.BlockManager: defaultReplication         = 3
18/09/27 21:57:10 INFO blockmanagement.BlockManager: maxReplication             = 512
18/09/27 21:57:10 INFO blockmanagement.BlockManager: minReplication             = 1
18/09/27 21:57:10 INFO blockmanagement.BlockManager: maxReplicationStreams      = 2
18/09/27 21:57:10 INFO blockmanagement.BlockManager: shouldCheckForEnoughRacks  = false
18/09/27 21:57:10 INFO blockmanagement.BlockManager: replicationRecheckInterval = 3000
18/09/27 21:57:10 INFO blockmanagement.BlockManager: encryptDataTransfer        = false
18/09/27 21:57:10 INFO blockmanagement.BlockManager: maxNumBlocksToLog          = 1000
18/09/27 21:57:10 INFO namenode.FSNamesystem: fsOwner             = pkj6783 (auth:SIMPLE)
18/09/27 21:57:10 INFO namenode.FSNamesystem: supergroup          = supergroup
18/09/27 21:57:10 INFO namenode.FSNamesystem: isPermissionEnabled = true
18/09/27 21:57:10 INFO namenode.FSNamesystem: HA Enabled: false
18/09/27 21:57:10 INFO namenode.FSNamesystem: Append Enabled: true
18/09/27 21:57:10 INFO util.GSet: Computing capacity for map INodeMap
18/09/27 21:57:10 INFO util.GSet: VM type       = 64-bit
18/09/27 21:57:10 INFO util.GSet: 1.0% max memory 958.5 MB = 9.6 MB
18/09/27 21:57:10 INFO util.GSet: capacity      = 2^20 = 1048576 entries
18/09/27 21:57:10 INFO namenode.NameNode: Caching file names occuring more than 10 times
18/09/27 21:57:10 INFO util.GSet: Computing capacity for map cachedBlocks
18/09/27 21:57:10 INFO util.GSet: VM type       = 64-bit
18/09/27 21:57:10 INFO util.GSet: 0.25% max memory 958.5 MB = 2.4 MB
18/09/27 21:57:10 INFO util.GSet: capacity      = 2^18 = 262144 entries
18/09/27 21:57:10 INFO namenode.FSNamesystem: dfs.namenode.safemode.threshold-pct = 0.9990000128746033
18/09/27 21:57:10 INFO namenode.FSNamesystem: dfs.namenode.safemode.min.datanodes = 0
18/09/27 21:57:10 INFO namenode.FSNamesystem: dfs.namenode.safemode.extension     = 30000
18/09/27 21:57:10 INFO namenode.FSNamesystem: Retry cache on namenode is enabled
18/09/27 21:57:10 INFO namenode.FSNamesystem: Retry cache will use 0.03 of total heap and retry cache entry expiry time is 600000 millis
18/09/27 21:57:10 INFO util.GSet: Computing capacity for map NameNodeRetryCache
18/09/27 21:57:10 INFO util.GSet: VM type       = 64-bit
18/09/27 21:57:10 INFO util.GSet: 0.029999999329447746% max memory 958.5 MB = 294.5 KB
18/09/27 21:57:10 INFO util.GSet: capacity      = 2^15 = 32768 entries
18/09/27 21:57:10 INFO namenode.NNConf: ACLs enabled? false
18/09/27 21:57:10 INFO namenode.NNConf: XAttrs enabled? true
18/09/27 21:57:10 INFO namenode.NNConf: Maximum size of an xattr: 16384
18/09/27 21:57:10 INFO namenode.FSImage: Allocated new BlockPoolId: BP-271727597-198.202.115.165-1538110630872
18/09/27 21:57:10 INFO common.Storage: Storage directory /scratch/pkj6783/19335443/namenode_data has been successfully formatted.
18/09/27 21:57:10 INFO namenode.NNStorageRetentionManager: Going to retain 1 images with txid >= 0
18/09/27 21:57:10 INFO util.ExitUtil: Exiting with status 0
18/09/27 21:57:10 INFO namenode.NameNode: SHUTDOWN_MSG: 
/************************************************************
SHUTDOWN_MSG: Shutting down NameNode at comet-25-42.sdsc.edu/198.202.115.165
************************************************************/
18/09/27 21:57:11 WARN util.NativeCodeLoader: Unable to load native-hadoop library for your platform... using builtin-java classes where applicable
Starting namenodes on [comet-25-42.ibnet]
comet-25-42.ibnet: starting namenode, logging to /scratch/pkj6783/19335443/logs/hadoop-pkj6783-namenode-comet-25-42.sdsc.edu.out
comet-25-42.ibnet: starting datanode, logging to /scratch/pkj6783/19335443/logs/hadoop-pkj6783-datanode-comet-25-42.sdsc.edu.out
comet-25-66.ibnet: starting datanode, logging to /scratch/pkj6783/19335443/logs/hadoop-pkj6783-datanode-comet-25-66.sdsc.edu.out
comet-25-43.ibnet: starting datanode, logging to /scratch/pkj6783/19335443/logs/hadoop-pkj6783-datanode-comet-25-43.sdsc.edu.out
Starting secondary namenodes [comet-25-42.ibnet]
comet-25-42.ibnet: starting secondarynamenode, logging to /scratch/pkj6783/19335443/logs/hadoop-pkj6783-secondarynamenode-comet-25-42.sdsc.edu.out
18/09/27 21:57:27 WARN util.NativeCodeLoader: Unable to load native-hadoop library for your platform... using builtin-java classes where applicable
starting yarn daemons
starting resourcemanager, logging to /scratch/pkj6783/19335443/logs/yarn-pkj6783-resourcemanager-comet-25-42.out
comet-25-43.ibnet: starting nodemanager, logging to /scratch/pkj6783/19335443/logs/yarn-pkj6783-nodemanager-comet-25-43.sdsc.edu.out
comet-25-66.ibnet: starting nodemanager, logging to /scratch/pkj6783/19335443/logs/yarn-pkj6783-nodemanager-comet-25-66.sdsc.edu.out
comet-25-42.ibnet: starting nodemanager, logging to /scratch/pkj6783/19335443/logs/yarn-pkj6783-nodemanager-comet-25-42.sdsc.edu.out
18/09/27 21:57:30 WARN util.NativeCodeLoader: Unable to load native-hadoop library for your platform... using builtin-java classes where applicable
18/09/27 21:57:31 WARN util.NativeCodeLoader: Unable to load native-hadoop library for your platform... using builtin-java classes where applicable
18/09/27 21:57:34 WARN util.NativeCodeLoader: Unable to load native-hadoop library for your platform... using builtin-java classes where applicable
18/09/27 21:57:35 WARN util.NativeCodeLoader: Unable to load native-hadoop library for your platform... using builtin-java classes where applicable
18/09/27 21:57:36 INFO client.RMProxy: Connecting to ResourceManager at comet-25-42.ibnet/10.22.249.165:8032
18/09/27 21:57:36 WARN mapreduce.JobSubmitter: Hadoop command-line option parsing not performed. Implement the Tool interface and execute your application with ToolRunner to remedy this.
18/09/27 21:57:36 INFO input.FileInputFormat: Total input paths to process : 1
18/09/27 21:57:36 INFO mapreduce.JobSubmitter: number of splits:1
18/09/27 21:57:36 INFO mapreduce.JobSubmitter: Submitting tokens for job: job_1538110648596_0001
18/09/27 21:57:37 INFO impl.YarnClientImpl: Submitted application application_1538110648596_0001
18/09/27 21:57:37 INFO mapreduce.Job: The url to track the job: http://comet-25-42.ibnet:8088/proxy/application_1538110648596_0001/
18/09/27 21:57:37 INFO mapreduce.Job: Running job: job_1538110648596_0001
18/09/27 21:57:42 INFO mapreduce.Job: Job job_1538110648596_0001 running in uber mode : false
18/09/27 21:57:42 INFO mapreduce.Job:  map 0% reduce 0%
18/09/27 21:57:52 INFO mapreduce.Job:  map 100% reduce 0%
18/09/27 21:57:57 INFO mapreduce.Job:  map 100% reduce 100%
18/09/27 21:57:57 INFO mapreduce.Job: Job job_1538110648596_0001 completed successfully
18/09/27 21:57:57 INFO mapreduce.Job: Counters: 49
	File System Counters
		FILE: Number of bytes read=36787820
		FILE: Number of bytes written=815791
		FILE: Number of read operations=0
		FILE: Number of large read operations=0
		FILE: Number of write operations=0
		HDFS: Number of bytes read=36942221
		HDFS: Number of bytes written=3695
		HDFS: Number of read operations=7
		HDFS: Number of large read operations=0
		HDFS: Number of write operations=2
	Job Counters 
		Launched map tasks=1
		Launched reduce tasks=1
		Data-local map tasks=1
		Total time spent by all maps in occupied slots (ms)=7984
		Total time spent by all reduces in occupied slots (ms)=2704
		Total time spent by all map tasks (ms)=7984
		Total time spent by all reduce tasks (ms)=2704
		Total vcore-seconds taken by all map tasks=7984
		Total vcore-seconds taken by all reduce tasks=2704
		Total megabyte-seconds taken by all map tasks=8175616
		Total megabyte-seconds taken by all reduce tasks=2768896
	Map-Reduce Framework
		Map input records=10000
		Map output records=10000
		Map output bytes=80000
		Map output materialized bytes=1000006
		Input split bytes=112
		Combine input records=0
		Combine output records=0
		Reduce input groups=10
		Reduce shuffle bytes=100006
		Reduce input records=10000
		Reduce output records=10
		Spilled Records=20000
		Shuffled Maps =1
		Failed Shuffles=0
		Merged Map outputs=1
		GC time elapsed (ms)=993
		CPU time spent (ms)=0
		Physical memory (bytes) snapshot=467632128
		Virtual memory (bytes) snapshot=4338626560
		Total committed heap usage (bytes)=347078656
	Shuffle Errors
		BAD_ID=0
		CONNECTION=0
		IO_ERROR=0
		WRONG_LENGTH=0
		WRONG_MAP=0
		WRONG_REDUCE=0
	File Input Format Counters 
		Bytes Read=36941196
	File Output Format Counters 
		Bytes Written=3695
18/09/27 21:57:58 WARN util.NativeCodeLoader: Unable to load native-hadoop library for your platform... using builtin-java classes where applicable
stopping yarn daemons
stopping resourcemanager
comet-25-42.ibnet: stopping nodemanager
comet-25-43.ibnet: stopping nodemanager
comet-25-43.ibnet: nodemanager did not stop gracefully after 5 seconds: killing with kill -9
comet-25-66.ibnet: stopping nodemanager
comet-25-66.ibnet: nodemanager did not stop gracefully after 5 seconds: killing with kill -9
no proxyserver to stop
18/09/27 21:58:09 WARN util.NativeCodeLoader: Unable to load native-hadoop library for your platform... using builtin-java classes where applicable
Stopping namenodes on [comet-25-42.ibnet]
comet-25-42.ibnet: stopping namenode
comet-25-43.ibnet: stopping datanode
comet-25-66.ibnet: stopping datanode
comet-25-42.ibnet: stopping datanode
Stopping secondary namenodes [comet-25-42.ibnet]
comet-25-42.ibnet: stopping secondarynamenode
18/09/27 21:58:28 WARN util.NativeCodeLoader: Unable to load native-hadoop library for your platform... using builtin-java classes where applicable
Copying Hadoop logs back to /home/pkj6783/cometcluster/logs...
`/scratch/pkj6783/19335443/logs' -> `/home/pkj6783/cometcluster/logs'
`/scratch/pkj6783/19335443/logs/hadoop-pkj6783-datanode-comet-25-42.sdsc.edu.out' -> `/home/pkj6783/cometcluster/logs/hadoop-pkj6783-datanode-comet-25-42.sdsc.edu.out'
`/scratch/pkj6783/19335443/logs/yarn-pkj6783-resourcemanager-comet-25-42.out' -> `/home/pkj6783/cometcluster/logs/yarn-pkj6783-resourcemanager-comet-25-42.out'
`/scratch/pkj6783/19335443/logs/yarn-pkj6783-nodemanager-comet-25-42.sdsc.edu.out' -> `/home/pkj6783/cometcluster/logs/yarn-pkj6783-nodemanager-comet-25-42.sdsc.edu.out'
`/scratch/pkj6783/19335443/logs/hadoop-pkj6783-secondarynamenode-comet-25-42.sdsc.edu.log' -> `/home/pkj6783/cometcluster/logs/hadoop-pkj6783-secondarynamenode-comet-25-42.sdsc.edu.log'
`/scratch/pkj6783/19335443/logs/hadoop-pkj6783-namenode-comet-25-42.sdsc.edu.out' -> `/home/pkj6783/cometcluster/logs/hadoop-pkj6783-namenode-comet-25-42.sdsc.edu.out'
`/scratch/pkj6783/19335443/logs/hadoop-pkj6783-namenode-comet-25-42.sdsc.edu.log' -> `/home/pkj6783/cometcluster/logs/hadoop-pkj6783-namenode-comet-25-42.sdsc.edu.log'
`/scratch/pkj6783/19335443/logs/yarn-pkj6783-resourcemanager-comet-25-42.log' -> `/home/pkj6783/cometcluster/logs/yarn-pkj6783-resourcemanager-comet-25-42.log'
`/scratch/pkj6783/19335443/logs/yarn-pkj6783-nodemanager-comet-25-42.sdsc.edu.log' -> `/home/pkj6783/cometcluster/logs/yarn-pkj6783-nodemanager-comet-25-42.sdsc.edu.log'
`/scratch/pkj6783/19335443/logs/SecurityAuth-pkj6783.audit' -> `/home/pkj6783/cometcluster/logs/SecurityAuth-pkj6783.audit'
`/scratch/pkj6783/19335443/logs/hadoop-pkj6783-secondarynamenode-comet-25-42.sdsc.edu.out' -> `/home/pkj6783/cometcluster/logs/hadoop-pkj6783-secondarynamenode-comet-25-42.sdsc.edu.out'
`/scratch/pkj6783/19335443/logs/hadoop-pkj6783-datanode-comet-25-42.sdsc.edu.log' -> `/home/pkj6783/cometcluster/logs/hadoop-pkj6783-datanode-comet-25-42.sdsc.edu.log'
`/scratch/pkj6783/19335443/logs/userlogs' -> `/home/pkj6783/cometcluster/logs/userlogs'
removed directory: `/scratch/pkj6783/19335443/mapred_scratch/usercache'
removed directory: `/scratch/pkj6783/19335443/mapred_scratch/nmPrivate'
removed directory: `/scratch/pkj6783/19335443/mapred_scratch/filecache'
removed directory: `/scratch/pkj6783/19335443/mapred_scratch'
removed directory: `/scratch/pkj6783/19335443/tmp/dfs/namesecondary'
removed directory: `/scratch/pkj6783/19335443/tmp/dfs'
removed directory: `/scratch/pkj6783/19335443/tmp'
removed `/scratch/pkj6783/19335443/namenode_data/current/VERSION'
removed `/scratch/pkj6783/19335443/namenode_data/current/seen_txid'
removed `/scratch/pkj6783/19335443/namenode_data/current/edits_inprogress_0000000000000000001'
removed `/scratch/pkj6783/19335443/namenode_data/current/fsimage_0000000000000000000.md5'
removed `/scratch/pkj6783/19335443/namenode_data/current/fsimage_0000000000000000000'
removed directory: `/scratch/pkj6783/19335443/namenode_data/current'
removed directory: `/scratch/pkj6783/19335443/namenode_data'
removed `/scratch/pkj6783/19335443/hdfs_data/current/VERSION'
removed `/scratch/pkj6783/19335443/hdfs_data/current/BP-271727597-198.202.115.165-1538110630872/dncp_block_verification.log.prev'
removed directory: `/scratch/pkj6783/19335443/hdfs_data/current/BP-271727597-198.202.115.165-1538110630872/tmp'
removed `/scratch/pkj6783/19335443/hdfs_data/current/BP-271727597-198.202.115.165-1538110630872/dncp_block_verification.log.curr'
removed directory: `/scratch/pkj6783/19335443/hdfs_data/current/BP-271727597-198.202.115.165-1538110630872/current/rbw'
removed `/scratch/pkj6783/19335443/hdfs_data/current/BP-271727597-198.202.115.165-1538110630872/current/dfsUsed'
removed `/scratch/pkj6783/19335443/hdfs_data/current/BP-271727597-198.202.115.165-1538110630872/current/finalized/subdir0/subdir0/blk_1073741826'
removed `/scratch/pkj6783/19335443/hdfs_data/current/BP-271727597-198.202.115.165-1538110630872/current/finalized/subdir0/subdir0/blk_1073741835'
removed `/scratch/pkj6783/19335443/hdfs_data/current/BP-271727597-198.202.115.165-1538110630872/current/finalized/subdir0/subdir0/blk_1073741836_1012.meta'
removed `/scratch/pkj6783/19335443/hdfs_data/current/BP-271727597-198.202.115.165-1538110630872/current/finalized/subdir0/subdir0/blk_1073741825'
removed `/scratch/pkj6783/19335443/hdfs_data/current/BP-271727597-198.202.115.165-1538110630872/current/finalized/subdir0/subdir0/blk_1073741836'
removed `/scratch/pkj6783/19335443/hdfs_data/current/BP-271727597-198.202.115.165-1538110630872/current/finalized/subdir0/subdir0/blk_1073741825_1001.meta'
removed `/scratch/pkj6783/19335443/hdfs_data/current/BP-271727597-198.202.115.165-1538110630872/current/finalized/subdir0/subdir0/blk_1073741835_1011.meta'
removed `/scratch/pkj6783/19335443/hdfs_data/current/BP-271727597-198.202.115.165-1538110630872/current/finalized/subdir0/subdir0/blk_1073741833'
removed `/scratch/pkj6783/19335443/hdfs_data/current/BP-271727597-198.202.115.165-1538110630872/current/finalized/subdir0/subdir0/blk_1073741834'
removed `/scratch/pkj6783/19335443/hdfs_data/current/BP-271727597-198.202.115.165-1538110630872/current/finalized/subdir0/subdir0/blk_1073741833_1009.meta'
removed `/scratch/pkj6783/19335443/hdfs_data/current/BP-271727597-198.202.115.165-1538110630872/current/finalized/subdir0/subdir0/blk_1073741826_1002.meta'
removed `/scratch/pkj6783/19335443/hdfs_data/current/BP-271727597-198.202.115.165-1538110630872/current/finalized/subdir0/subdir0/blk_1073741834_1010.meta'
removed directory: `/scratch/pkj6783/19335443/hdfs_data/current/BP-271727597-198.202.115.165-1538110630872/current/finalized/subdir0/subdir0'
removed directory: `/scratch/pkj6783/19335443/hdfs_data/current/BP-271727597-198.202.115.165-1538110630872/current/finalized/subdir0'
removed directory: `/scratch/pkj6783/19335443/hdfs_data/current/BP-271727597-198.202.115.165-1538110630872/current/finalized'
removed `/scratch/pkj6783/19335443/hdfs_data/current/BP-271727597-198.202.115.165-1538110630872/current/VERSION'
removed directory: `/scratch/pkj6783/19335443/hdfs_data/current/BP-271727597-198.202.115.165-1538110630872/current'
removed directory: `/scratch/pkj6783/19335443/hdfs_data/current/BP-271727597-198.202.115.165-1538110630872'
removed directory: `/scratch/pkj6783/19335443/hdfs_data/current'
removed directory: `/scratch/pkj6783/19335443/hdfs_data'
removed directory: `/scratch/pkj6783/19335443/pids'
removed `/scratch/pkj6783/19335443/logs/hadoop-pkj6783-datanode-comet-25-42.sdsc.edu.out'
removed `/scratch/pkj6783/19335443/logs/yarn-pkj6783-resourcemanager-comet-25-42.out'
removed `/scratch/pkj6783/19335443/logs/yarn-pkj6783-nodemanager-comet-25-42.sdsc.edu.out'
removed `/scratch/pkj6783/19335443/logs/hadoop-pkj6783-secondarynamenode-comet-25-42.sdsc.edu.log'
removed `/scratch/pkj6783/19335443/logs/hadoop-pkj6783-namenode-comet-25-42.sdsc.edu.out'
removed `/scratch/pkj6783/19335443/logs/hadoop-pkj6783-namenode-comet-25-42.sdsc.edu.log'
removed `/scratch/pkj6783/19335443/logs/yarn-pkj6783-resourcemanager-comet-25-42.log'
removed `/scratch/pkj6783/19335443/logs/yarn-pkj6783-nodemanager-comet-25-42.sdsc.edu.log'
removed `/scratch/pkj6783/19335443/logs/SecurityAuth-pkj6783.audit'
removed `/scratch/pkj6783/19335443/logs/hadoop-pkj6783-secondarynamenode-comet-25-42.sdsc.edu.out'
removed `/scratch/pkj6783/19335443/logs/hadoop-pkj6783-datanode-comet-25-42.sdsc.edu.log'
removed directory: `/scratch/pkj6783/19335443/logs/userlogs'
removed directory: `/scratch/pkj6783/19335443/logs'
removed directory: `/scratch/pkj6783/19335443/mapred_scratch/usercache/pkj6783/filecache'
removed directory: `/scratch/pkj6783/19335443/mapred_scratch/usercache/pkj6783/appcache'
removed directory: `/scratch/pkj6783/19335443/mapred_scratch/usercache/pkj6783'
removed directory: `/scratch/pkj6783/19335443/mapred_scratch/usercache'
removed directory: `/scratch/pkj6783/19335443/mapred_scratch/nmPrivate'
removed `/scratch/pkj6783/19335443/mapred_scratch/filecache/10/centroids.txt'
removed `/scratch/pkj6783/19335443/mapred_scratch/filecache/10/.tmp_centroids.txt.crc'
removed directory: `/scratch/pkj6783/19335443/mapred_scratch/filecache/10'
removed directory: `/scratch/pkj6783/19335443/mapred_scratch/filecache'
removed directory: `/scratch/pkj6783/19335443/mapred_scratch'
removed `/scratch/pkj6783/19335443/hdfs_data/current/BP-271727597-198.202.115.165-1538110630872/current/dfsUsed'
removed `/scratch/pkj6783/19335443/hdfs_data/current/BP-271727597-198.202.115.165-1538110630872/current/VERSION'
removed directory: `/scratch/pkj6783/19335443/hdfs_data/current/BP-271727597-198.202.115.165-1538110630872/current/rbw'
removed `/scratch/pkj6783/19335443/hdfs_data/current/BP-271727597-198.202.115.165-1538110630872/current/finalized/subdir0/subdir0/blk_1073741826'
removed `/scratch/pkj6783/19335443/hdfs_data/current/BP-271727597-198.202.115.165-1538110630872/current/finalized/subdir0/subdir0/blk_1073741826_1002.meta'
removed `/scratch/pkj6783/19335443/hdfs_data/current/BP-271727597-198.202.115.165-1538110630872/current/finalized/subdir0/subdir0/blk_1073741835'
removed `/scratch/pkj6783/19335443/hdfs_data/current/BP-271727597-198.202.115.165-1538110630872/current/finalized/subdir0/subdir0/blk_1073741834_1010.meta'
removed `/scratch/pkj6783/19335443/hdfs_data/current/BP-271727597-198.202.115.165-1538110630872/current/finalized/subdir0/subdir0/blk_1073741825'
removed `/scratch/pkj6783/19335443/hdfs_data/current/BP-271727597-198.202.115.165-1538110630872/current/finalized/subdir0/subdir0/blk_1073741833_1009.meta'
removed `/scratch/pkj6783/19335443/hdfs_data/current/BP-271727597-198.202.115.165-1538110630872/current/finalized/subdir0/subdir0/blk_1073741836'
removed `/scratch/pkj6783/19335443/hdfs_data/current/BP-271727597-198.202.115.165-1538110630872/current/finalized/subdir0/subdir0/blk_1073741835_1011.meta'
removed `/scratch/pkj6783/19335443/hdfs_data/current/BP-271727597-198.202.115.165-1538110630872/current/finalized/subdir0/subdir0/blk_1073741833'
removed `/scratch/pkj6783/19335443/hdfs_data/current/BP-271727597-198.202.115.165-1538110630872/current/finalized/subdir0/subdir0/blk_1073741834'
removed `/scratch/pkj6783/19335443/hdfs_data/current/BP-271727597-198.202.115.165-1538110630872/current/finalized/subdir0/subdir0/blk_1073741825_1001.meta'
removed `/scratch/pkj6783/19335443/hdfs_data/current/BP-271727597-198.202.115.165-1538110630872/current/finalized/subdir0/subdir0/blk_1073741836_1012.meta'
removed directory: `/scratch/pkj6783/19335443/hdfs_data/current/BP-271727597-198.202.115.165-1538110630872/current/finalized/subdir0/subdir0'
removed directory: `/scratch/pkj6783/19335443/hdfs_data/current/BP-271727597-198.202.115.165-1538110630872/current/finalized/subdir0'
removed directory: `/scratch/pkj6783/19335443/hdfs_data/current/BP-271727597-198.202.115.165-1538110630872/current/finalized'
removed directory: `/scratch/pkj6783/19335443/hdfs_data/current/BP-271727597-198.202.115.165-1538110630872/current'
removed directory: `/scratch/pkj6783/19335443/hdfs_data/current/BP-271727597-198.202.115.165-1538110630872/tmp'
removed `/scratch/pkj6783/19335443/hdfs_data/current/BP-271727597-198.202.115.165-1538110630872/dncp_block_verification.log.prev'
removed `/scratch/pkj6783/19335443/hdfs_data/current/BP-271727597-198.202.115.165-1538110630872/dncp_block_verification.log.curr'
removed directory: `/scratch/pkj6783/19335443/hdfs_data/current/BP-271727597-198.202.115.165-1538110630872'
removed `/scratch/pkj6783/19335443/hdfs_data/current/VERSION'
removed directory: `/scratch/pkj6783/19335443/hdfs_data/current'
removed directory: `/scratch/pkj6783/19335443/hdfs_data'
removed directory: `/scratch/pkj6783/19335443/pids'
removed `/scratch/pkj6783/19335443/logs/yarn-pkj6783-nodemanager-comet-25-43.sdsc.edu.out'
removed `/scratch/pkj6783/19335443/logs/hadoop-pkj6783-datanode-comet-25-43.sdsc.edu.out'
removed `/scratch/pkj6783/19335443/logs/userlogs/application_1538110648596_0001/container_1538110648596_0001_01_000002/stderr'
removed `/scratch/pkj6783/19335443/logs/userlogs/application_1538110648596_0001/container_1538110648596_0001_01_000002/syslog'
removed `/scratch/pkj6783/19335443/logs/userlogs/application_1538110648596_0001/container_1538110648596_0001_01_000002/stdout'
removed directory: `/scratch/pkj6783/19335443/logs/userlogs/application_1538110648596_0001/container_1538110648596_0001_01_000002'
removed `/scratch/pkj6783/19335443/logs/userlogs/application_1538110648596_0001/container_1538110648596_0001_01_000003/syslog'
removed `/scratch/pkj6783/19335443/logs/userlogs/application_1538110648596_0001/container_1538110648596_0001_01_000003/stdout'
removed `/scratch/pkj6783/19335443/logs/userlogs/application_1538110648596_0001/container_1538110648596_0001_01_000003/stderr'
removed directory: `/scratch/pkj6783/19335443/logs/userlogs/application_1538110648596_0001/container_1538110648596_0001_01_000003'
removed directory: `/scratch/pkj6783/19335443/logs/userlogs/application_1538110648596_0001'
removed directory: `/scratch/pkj6783/19335443/logs/userlogs'
removed `/scratch/pkj6783/19335443/logs/SecurityAuth-pkj6783.audit'
removed `/scratch/pkj6783/19335443/logs/hadoop-pkj6783-datanode-comet-25-43.sdsc.edu.log'
removed `/scratch/pkj6783/19335443/logs/yarn-pkj6783-nodemanager-comet-25-43.sdsc.edu.log'
removed directory: `/scratch/pkj6783/19335443/logs'
removed directory: `/scratch/pkj6783/19335443/mapred_scratch/usercache/pkj6783/appcache'
removed directory: `/scratch/pkj6783/19335443/mapred_scratch/usercache/pkj6783/filecache'
removed directory: `/scratch/pkj6783/19335443/mapred_scratch/usercache/pkj6783'
removed directory: `/scratch/pkj6783/19335443/mapred_scratch/usercache'
removed directory: `/scratch/pkj6783/19335443/mapred_scratch/nmPrivate'
removed `/scratch/pkj6783/19335443/mapred_scratch/filecache/10/centroids.txt'
removed `/scratch/pkj6783/19335443/mapred_scratch/filecache/10/.tmp_centroids.txt.crc'
removed directory: `/scratch/pkj6783/19335443/mapred_scratch/filecache/10'
removed directory: `/scratch/pkj6783/19335443/mapred_scratch/filecache'
removed directory: `/scratch/pkj6783/19335443/mapred_scratch'
removed `/scratch/pkj6783/19335443/hdfs_data/current/VERSION'
removed directory: `/scratch/pkj6783/19335443/hdfs_data/current/BP-271727597-198.202.115.165-1538110630872/tmp'
removed `/scratch/pkj6783/19335443/hdfs_data/current/BP-271727597-198.202.115.165-1538110630872/dncp_block_verification.log.prev'
removed `/scratch/pkj6783/19335443/hdfs_data/current/BP-271727597-198.202.115.165-1538110630872/current/VERSION'
removed `/scratch/pkj6783/19335443/hdfs_data/current/BP-271727597-198.202.115.165-1538110630872/current/dfsUsed'
removed directory: `/scratch/pkj6783/19335443/hdfs_data/current/BP-271727597-198.202.115.165-1538110630872/current/rbw'
removed `/scratch/pkj6783/19335443/hdfs_data/current/BP-271727597-198.202.115.165-1538110630872/current/finalized/subdir0/subdir0/blk_1073741834'
removed `/scratch/pkj6783/19335443/hdfs_data/current/BP-271727597-198.202.115.165-1538110630872/current/finalized/subdir0/subdir0/blk_1073741836_1012.meta'
removed `/scratch/pkj6783/19335443/hdfs_data/current/BP-271727597-198.202.115.165-1538110630872/current/finalized/subdir0/subdir0/blk_1073741833'
removed `/scratch/pkj6783/19335443/hdfs_data/current/BP-271727597-198.202.115.165-1538110630872/current/finalized/subdir0/subdir0/blk_1073741825_1001.meta'
removed `/scratch/pkj6783/19335443/hdfs_data/current/BP-271727597-198.202.115.165-1538110630872/current/finalized/subdir0/subdir0/blk_1073741833_1009.meta'
removed `/scratch/pkj6783/19335443/hdfs_data/current/BP-271727597-198.202.115.165-1538110630872/current/finalized/subdir0/subdir0/blk_1073741835_1011.meta'
removed `/scratch/pkj6783/19335443/hdfs_data/current/BP-271727597-198.202.115.165-1538110630872/current/finalized/subdir0/subdir0/blk_1073741835'
removed `/scratch/pkj6783/19335443/hdfs_data/current/BP-271727597-198.202.115.165-1538110630872/current/finalized/subdir0/subdir0/blk_1073741826'
removed `/scratch/pkj6783/19335443/hdfs_data/current/BP-271727597-198.202.115.165-1538110630872/current/finalized/subdir0/subdir0/blk_1073741834_1010.meta'
removed `/scratch/pkj6783/19335443/hdfs_data/current/BP-271727597-198.202.115.165-1538110630872/current/finalized/subdir0/subdir0/blk_1073741826_1002.meta'
removed `/scratch/pkj6783/19335443/hdfs_data/current/BP-271727597-198.202.115.165-1538110630872/current/finalized/subdir0/subdir0/blk_1073741836'
removed `/scratch/pkj6783/19335443/hdfs_data/current/BP-271727597-198.202.115.165-1538110630872/current/finalized/subdir0/subdir0/blk_1073741825'
removed directory: `/scratch/pkj6783/19335443/hdfs_data/current/BP-271727597-198.202.115.165-1538110630872/current/finalized/subdir0/subdir0'
removed directory: `/scratch/pkj6783/19335443/hdfs_data/current/BP-271727597-198.202.115.165-1538110630872/current/finalized/subdir0'
removed directory: `/scratch/pkj6783/19335443/hdfs_data/current/BP-271727597-198.202.115.165-1538110630872/current/finalized'
removed directory: `/scratch/pkj6783/19335443/hdfs_data/current/BP-271727597-198.202.115.165-1538110630872/current'
removed `/scratch/pkj6783/19335443/hdfs_data/current/BP-271727597-198.202.115.165-1538110630872/dncp_block_verification.log.curr'
removed directory: `/scratch/pkj6783/19335443/hdfs_data/current/BP-271727597-198.202.115.165-1538110630872'
removed directory: `/scratch/pkj6783/19335443/hdfs_data/current'
removed directory: `/scratch/pkj6783/19335443/hdfs_data'
removed directory: `/scratch/pkj6783/19335443/pids'
removed `/scratch/pkj6783/19335443/logs/yarn-pkj6783-nodemanager-comet-25-66.sdsc.edu.log'
removed `/scratch/pkj6783/19335443/logs/SecurityAuth-pkj6783.audit'
removed `/scratch/pkj6783/19335443/logs/hadoop-pkj6783-datanode-comet-25-66.sdsc.edu.log'
removed `/scratch/pkj6783/19335443/logs/userlogs/application_1538110648596_0001/container_1538110648596_0001_01_000001/stdout'
removed `/scratch/pkj6783/19335443/logs/userlogs/application_1538110648596_0001/container_1538110648596_0001_01_000001/syslog'
removed `/scratch/pkj6783/19335443/logs/userlogs/application_1538110648596_0001/container_1538110648596_0001_01_000001/stderr'
removed directory: `/scratch/pkj6783/19335443/logs/userlogs/application_1538110648596_0001/container_1538110648596_0001_01_000001'
removed directory: `/scratch/pkj6783/19335443/logs/userlogs/application_1538110648596_0001'
removed directory: `/scratch/pkj6783/19335443/logs/userlogs'
removed `/scratch/pkj6783/19335443/logs/hadoop-pkj6783-datanode-comet-25-66.sdsc.edu.out'
removed `/scratch/pkj6783/19335443/logs/yarn-pkj6783-nodemanager-comet-25-66.sdsc.edu.out'
removed directory: `/scratch/pkj6783/19335443/logs'
removed directory: `/tmp/Jetty_0_0_0_0_50075_datanode____hwtdwq_887912191839399465/jsp'
removed directory: `/tmp/Jetty_0_0_0_0_50075_datanode____hwtdwq_887912191839399465/.active'
removed directory: `/tmp/Jetty_0_0_0_0_50075_datanode____hwtdwq_887912191839399465'
removed directory: `/tmp/Jetty_0_0_0_0_50070_hdfs____w2cu08/jsp'
removed directory: `/tmp/Jetty_0_0_0_0_50070_hdfs____w2cu08/.active'
removed directory: `/tmp/Jetty_0_0_0_0_50070_hdfs____w2cu08'
removed directory: `/tmp/Jetty_comet.25.42_ibnet_50090_secondary____.8o6wj6/jsp'
removed directory: `/tmp/Jetty_comet.25.42_ibnet_50090_secondary____.8o6wj6/.active'
removed directory: `/tmp/Jetty_comet.25.42_ibnet_50090_secondary____.8o6wj6'
